Arguments: 
  /Users/nickbeasley/.nvm/versions/node/v16.17.0/bin/node /Users/nickbeasley/.cache/node/corepack/yarn/1.22.19/bin/yarn.js

PATH: 
  /Users/nickbeasley/.nvm/versions/node/v16.17.0/bin:/usr/local/bin:/System/Cryptexes/App/usr/bin:/usr/bin:/bin:/usr/sbin:/sbin:/Library/Apple/usr/bin:/Users/nickbeasley/.nvm/versions/node/v16.17.0/bin

Yarn version: 
  1.22.19

Node version: 
  16.17.0

Platform: 
  darwin x64

Trace: 
  Error: https://registry.yarnpkg.com/bcrypt.js: Not found
      at Request.params.callback [as _callback] (/Users/nickbeasley/.cache/node/corepack/yarn/1.22.19/lib/cli.js:66145:18)
      at Request.self.callback (/Users/nickbeasley/.cache/node/corepack/yarn/1.22.19/lib/cli.js:140890:22)
      at Request.emit (node:events:513:28)
      at Request.<anonymous> (/Users/nickbeasley/.cache/node/corepack/yarn/1.22.19/lib/cli.js:141862:10)
      at Request.emit (node:events:513:28)
      at IncomingMessage.<anonymous> (/Users/nickbeasley/.cache/node/corepack/yarn/1.22.19/lib/cli.js:141784:12)
      at Object.onceWrapper (node:events:627:28)
      at IncomingMessage.emit (node:events:525:35)
      at endReadableNT (node:internal/streams/readable:1358:12)
      at processTicksAndRejections (node:internal/process/task_queues:83:21)

npm manifest: 
  {
    "name": "movie_api",
    "version": "1.0.0",
    "description": "This web application will provide users with access to information about different movies, directors, and genres. Users will be able to sign up, update their personal information, and create a list of their favorite movies.",
    "main": "functions/server.js",
    "scripts": {
      "test": "echo \"Error: no test specified\" && exit 1",
      "dev": "nodemon server-local.js",
      "start": "nodemon server-local.js",
      "build": "netlify-lambda build express"
    },
    "repository": {
      "type": "git",
      "url": "git+https://github.com/nickbeasley/movie_api.git"
    },
    "keywords": [],
    "author": "",
    "license": "ISC",
    "bugs": {
      "url": "https://github.com/nickbeasley/movie_api/issues"
    },
    "homepage": "https://github.com/nickbeasley/movie_api#readme",
    "dependencies": {
      "bcrypt.js": "^5.0.1",
      "body-parser": "^1.20.0",
      "cors": "^2.8.5",
      "dotenv": "^16.0.3",
      "express-validator": "^6.14.2",
      "jsonwebtoken": "^8.5.1",
      "lodash": "^4.17.21",
      "method-override": "^3.0.0",
      "mongoose": "^6.6.1",
      "morgan": "^1.10.0",
      "passport": "^0.6.0",
      "passport-jwt": "^4.0.0",
      "passport-local": "^1.0.0",
      "uuid": "^9.0.0",
      "netlify-lambda": "^1.6.3",
      "serverless-http": "^2.3.0",
      "express": "^4.18.2"
    },
    "devDependencies": {
      "eslint": "^8.23.0",
      "nodemon": "^2.0.19"
    }
  }

yarn manifest: 
  No manifest

Lockfile: 
  No lockfile
